<?xml version="1.0" encoding="UTF-8"?>
<testsuites name="Create new Equity Deal as Admin" time="29" tests="1" failures="0" errors="0">
   <testsuite name="Create new Equity Deal as Admin" tests="1" failures="0" errors="0" time="29" timestamp="2017-11-07 14:55:40" hostname="qhadmin - 192.168.18.185" id="Test Suites/Create new Equity Deal as Admin">
      <properties>
         <property name="deviceName" value=""/>
         <property name="devicePlatform" value=""/>
         <property name="logFolder" value="C:\\Users\\qhadmin\\Katalon Studio\\HubApp\\Reports\\Create new Equity Deal as Admin\\20171107_145538"/>
         <property name="logFiles" value="C:\\Users\\qhadmin\\Katalon Studio\\HubApp\\Reports\\Create new Equity Deal as Admin\\20171107_145538\\execution0.log"/>
         <property name="attachments" value=""/>
         <property name="hostName" value="qhadmin - 192.168.18.185"/>
         <property name="os" value="Windows 10 64bit"/>
         <property name="katalonVersion" value="5.0.1.1"/>
         <property name="browser" value="Chrome 61.0.3163.100"/>
         <property name="hostAddress" value="192.168.18.185"/>
         <property name="sessionId" value="c6ca5cf92a5d4fcb8887bd613f36a344"/>
         <property name="seleniumVersion" value="2.53.0"/>
         <property name="proxyInformation" value="ProxyInformation{proxyOption=NO_PROXY, proxyServerType=HTTP, password=, proxyServerAddress=, proxyServerPort=0}"/>
         <property name="platform" value="Windows 10"/>
      </properties>
      <testcase name="Test Cases/Create Equity Deal" classname="Test Cases/Create Equity Deal" status="PASSED">
         <system-out><![CDATA[2017-11-07 14:55:40 - [TEST_CASE][PASSED] - Test Cases/Create Equity Deal: Test Cases/Create Equity Deal

2017-11-07 14:55:41 - [TEST_STEP][PASSED] - callTestCase: Call Test Case 'Test Cases/Login' successfully

2017-11-07 14:55:41 - [TEST_CASE][PASSED] - Test Cases/Login: Test Cases/Login

2017-11-07 14:55:41 - [TEST_STEP][PASSED] - openBrowser: Browser is opened with url: ''

2017-11-07 14:55:44 - [MESSAGE][PASSED] - Browser is opened with url: ''

2017-11-07 14:55:44 - [TEST_STEP][PASSED] - maximizeWindow: Current window maximized

2017-11-07 14:55:45 - [MESSAGE][PASSED] - Current window maximized

2017-11-07 14:55:45 - [TEST_STEP][PASSED] - navigateToUrl: Navigate to 'http://hubapp.local/#/home' successfully

2017-11-07 14:55:47 - [MESSAGE][PASSED] - Navigate to 'http://hubapp.local/#/home' successfully

2017-11-07 14:55:47 - [TEST_STEP][PASSED] - click: Object: 'Object Repository/Login/Page_Home  ELITE Club Deal/Login button' is clicked on

2017-11-07 14:55:48 - [MESSAGE][PASSED] - Object: 'Object Repository/Login/Page_Home  ELITE Club Deal/Login button' is clicked on

2017-11-07 14:55:48 - [TEST_STEP][PASSED] - waitForElementVisible: Object 'Object Repository/Login/Page_Log In  ELITE Club Deal/Username field' is visible

2017-11-07 14:55:48 - [MESSAGE][PASSED] - Object 'Object Repository/Login/Page_Log In  ELITE Club Deal/Username field' is visible

2017-11-07 14:55:48 - [TEST_STEP][PASSED] - setText: Text 'user-admin' is set on object 'Object Repository/Login/Page_Log In  ELITE Club Deal/Username field'

2017-11-07 14:55:49 - [MESSAGE][PASSED] - Text 'user-admin' is set on object 'Object Repository/Login/Page_Log In  ELITE Club Deal/Username field'

2017-11-07 14:55:49 - [TEST_STEP][PASSED] - setText: Text 'Asdasd12#' is set on object 'Object Repository/Login/Page_Log In  ELITE Club Deal/Password field'

2017-11-07 14:55:49 - [MESSAGE][PASSED] - Text 'Asdasd12#' is set on object 'Object Repository/Login/Page_Log In  ELITE Club Deal/Password field'

2017-11-07 14:55:49 - [TEST_STEP][PASSED] - click: Object: 'Object Repository/Login/Page_Log In  ELITE Club Deal/Submit Button' is clicked on

2017-11-07 14:55:50 - [MESSAGE][PASSED] - Object: 'Object Repository/Login/Page_Log In  ELITE Club Deal/Submit Button' is clicked on

2017-11-07 14:55:50 - [MESSAGE][PASSED] - Call Test Case 'Test Cases/Login' successfully

2017-11-07 14:55:50 - [TEST_STEP][PASSED] - callTestCase: Call Test Case 'Test Cases/Create a new equity deal' successfully

2017-11-07 14:55:50 - [TEST_CASE][PASSED] - Test Cases/Create a new equity deal: Test Cases/Create a new equity deal

2017-11-07 14:55:51 - [TEST_STEP][PASSED] - waitForElementVisible: Object 'Object Repository/Equity Deal/Page_Deals  ELITE Club Deal/New Deal button' is visible

2017-11-07 14:55:51 - [MESSAGE][PASSED] - Object 'Object Repository/Equity Deal/Page_Deals  ELITE Club Deal/New Deal button' is visible

2017-11-07 14:55:51 - [TEST_STEP][PASSED] - click: Object: 'Object Repository/Equity Deal/Page_Deals  ELITE Club Deal/New Deal button' is clicked on

2017-11-07 14:55:51 - [MESSAGE][PASSED] - Object: 'Object Repository/Equity Deal/Page_Deals  ELITE Club Deal/New Deal button' is clicked on

2017-11-07 14:55:51 - [TEST_STEP][PASSED] - click: Object: 'Object Repository/Equity Deal/Page_Deals  ELITE Club Deal/Equity deal button' is clicked on

2017-11-07 14:55:51 - [MESSAGE][PASSED] - Object: 'Object Repository/Equity Deal/Page_Deals  ELITE Club Deal/Equity deal button' is clicked on

2017-11-07 14:55:51 - [TEST_STEP][PASSED] - setText: Text 'Bojan2' is set on object 'Object Repository/Equity Deal/Page_Deals  ELITE Club Deal/Deal Name Field'

2017-11-07 14:55:53 - [MESSAGE][PASSED] - Text 'Bojan2' is set on object 'Object Repository/Equity Deal/Page_Deals  ELITE Club Deal/Deal Name Field'

2017-11-07 14:55:53 - [TEST_STEP][PASSED] - selectOptionByValue: All options with value '4' are selected in object 'Object Repository/Equity Deal/Page_Deals  ELITE Club Deal/Deal Is dropdown'  using regular expression

2017-11-07 14:55:53 - [MESSAGE][PASSED] - All options with value '4' are selected in object 'Object Repository/Equity Deal/Page_Deals  ELITE Club Deal/Deal Is dropdown'  using regular expression

2017-11-07 14:55:53 - [TEST_STEP][PASSED] - delay: Delayed 2 second(s)

2017-11-07 14:55:55 - [MESSAGE][PASSED] - Delayed 2 second(s)

2017-11-07 14:55:55 - [TEST_STEP][PASSED] - click: Object: 'Object Repository/Equity Deal/Page_Deals  ELITE Club Deal/ELITE Partner field' is clicked on

2017-11-07 14:55:55 - [MESSAGE][PASSED] - Object: 'Object Repository/Equity Deal/Page_Deals  ELITE Club Deal/ELITE Partner field' is clicked on

2017-11-07 14:55:55 - [TEST_STEP][PASSED] - click: Object: 'Object Repository/Equity Deal/Page_Deals  ELITE Club Deal/ELITE Partner field select' is clicked on

2017-11-07 14:55:55 - [MESSAGE][PASSED] - Object: 'Object Repository/Equity Deal/Page_Deals  ELITE Club Deal/ELITE Partner field select' is clicked on

2017-11-07 14:55:55 - [TEST_STEP][PASSED] - delay: Delayed 1 second(s)

2017-11-07 14:55:56 - [MESSAGE][PASSED] - Delayed 1 second(s)

2017-11-07 14:55:56 - [TEST_STEP][PASSED] - click: Object: 'Object Repository/Equity Deal/Page_Deals  ELITE Club Deal/Use Of Proceeds field' is clicked on

2017-11-07 14:55:56 - [MESSAGE][PASSED] - Object: 'Object Repository/Equity Deal/Page_Deals  ELITE Club Deal/Use Of Proceeds field' is clicked on

2017-11-07 14:55:56 - [TEST_STEP][PASSED] - click: Object: 'Object Repository/Equity Deal/Page_Deals  ELITE Club Deal/Use Of Proceeds field select' is clicked on

2017-11-07 14:55:57 - [MESSAGE][PASSED] - Object: 'Object Repository/Equity Deal/Page_Deals  ELITE Club Deal/Use Of Proceeds field select' is clicked on

2017-11-07 14:55:57 - [TEST_STEP][PASSED] - sendKeys: Keys 'ESCAPE + ' sent to object: 'tempBody'

2017-11-07 14:55:57 - [MESSAGE][WARNING] - Test object id is null

2017-11-07 14:55:57 - [MESSAGE][WARNING] - Test object with id 'Object Repository/' does not exist

2017-11-07 14:55:57 - [MESSAGE][PASSED] - Keys 'ESCAPE + ' sent to object: 'tempBody'

2017-11-07 14:55:57 - [TEST_STEP][PASSED] - delay: Delayed 1 second(s)

2017-11-07 14:55:58 - [MESSAGE][PASSED] - Delayed 1 second(s)

2017-11-07 14:55:58 - [TEST_STEP][PASSED] - click: Object: 'Object Repository/Equity Deal/Page_Deals  ELITE Club Deal/Entity Name field' is clicked on

2017-11-07 14:55:58 - [MESSAGE][PASSED] - Object: 'Object Repository/Equity Deal/Page_Deals  ELITE Club Deal/Entity Name field' is clicked on

2017-11-07 14:55:58 - [TEST_STEP][PASSED] - click: Object: 'Object Repository/Equity Deal/Page_Deals  ELITE Club Deal/Entity Name field Select' is clicked on

2017-11-07 14:55:58 - [MESSAGE][PASSED] - Object: 'Object Repository/Equity Deal/Page_Deals  ELITE Club Deal/Entity Name field Select' is clicked on

2017-11-07 14:55:58 - [TEST_STEP][PASSED] - selectOptionByValue: All options with value '1' are selected in object 'Object Repository/Equity Deal/Page_Deals  ELITE Club Deal/Platform Status'  using regular expression

2017-11-07 14:55:58 - [MESSAGE][PASSED] - All options with value '1' are selected in object 'Object Repository/Equity Deal/Page_Deals  ELITE Club Deal/Platform Status'  using regular expression

2017-11-07 14:55:58 - [TEST_STEP][PASSED] - delay: Delayed 2 second(s)

2017-11-07 14:56:00 - [MESSAGE][PASSED] - Delayed 2 second(s)

2017-11-07 14:56:00 - [TEST_STEP][PASSED] - click: Object: 'Object Repository/Equity Deal/Page_Deals  ELITE Club Deal/Next button' is clicked on

2017-11-07 14:56:01 - [MESSAGE][PASSED] - Object: 'Object Repository/Equity Deal/Page_Deals  ELITE Club Deal/Next button' is clicked on

2017-11-07 14:56:01 - [TEST_STEP][PASSED] - setText: Text '123' is set on object 'Object Repository/Equity Deal/Page_Deals  ELITE Club Deal/Final Price for Follow-on Investor field'

2017-11-07 14:56:01 - [MESSAGE][PASSED] - Text '123' is set on object 'Object Repository/Equity Deal/Page_Deals  ELITE Club Deal/Final Price for Follow-on Investor field'

2017-11-07 14:56:01 - [TEST_STEP][PASSED] - setText: Text '123' is set on object 'Object Repository/Equity Deal/Page_Deals  ELITE Club Deal/Number of Shares Issued field'

2017-11-07 14:56:01 - [MESSAGE][PASSED] - Text '123' is set on object 'Object Repository/Equity Deal/Page_Deals  ELITE Club Deal/Number of Shares Issued field'

2017-11-07 14:56:01 - [TEST_STEP][PASSED] - delay: Delayed 2 second(s)

2017-11-07 14:56:03 - [MESSAGE][PASSED] - Delayed 2 second(s)

2017-11-07 14:56:03 - [TEST_STEP][PASSED] - click: Object: 'Object Repository/Equity Deal/Page_Deals  ELITE Club Deal/Expected Close Date field' is clicked on

2017-11-07 14:56:04 - [MESSAGE][PASSED] - Object: 'Object Repository/Equity Deal/Page_Deals  ELITE Club Deal/Expected Close Date field' is clicked on

2017-11-07 14:56:04 - [TEST_STEP][PASSED] - delay: Delayed 2 second(s)

2017-11-07 14:56:06 - [MESSAGE][PASSED] - Delayed 2 second(s)

2017-11-07 14:56:06 - [TEST_STEP][PASSED] - click: Object: 'Object Repository/Equity Deal/Page_Deals  ELITE Club Deal/Expected Close Date select' is clicked on

2017-11-07 14:56:06 - [MESSAGE][PASSED] - Object: 'Object Repository/Equity Deal/Page_Deals  ELITE Club Deal/Expected Close Date select' is clicked on

2017-11-07 14:56:06 - [TEST_STEP][PASSED] - selectOptionByValue: All options with value '0' are selected in object 'Object Repository/Equity Deal/Page_Deals  ELITE Club Deal/Guarantor dropdown'  using regular expression

2017-11-07 14:56:06 - [MESSAGE][PASSED] - All options with value '0' are selected in object 'Object Repository/Equity Deal/Page_Deals  ELITE Club Deal/Guarantor dropdown'  using regular expression

2017-11-07 14:56:06 - [TEST_STEP][PASSED] - click: Object: 'Object Repository/Equity Deal/Page_Deals  ELITE Club Deal/Next button' is clicked on

2017-11-07 14:56:06 - [MESSAGE][PASSED] - Object: 'Object Repository/Equity Deal/Page_Deals  ELITE Club Deal/Next button' is clicked on

2017-11-07 14:56:06 - [TEST_STEP][PASSED] - click: Object: 'Object Repository/Equity Deal/Page_Deals  ELITE Club Deal/Next button' is clicked on

2017-11-07 14:56:07 - [MESSAGE][PASSED] - Object: 'Object Repository/Equity Deal/Page_Deals  ELITE Club Deal/Next button' is clicked on

2017-11-07 14:56:07 - [TEST_STEP][PASSED] - click: Object: 'Object Repository/Equity Deal/Page_Deals  ELITE Club Deal/Next button' is clicked on

2017-11-07 14:56:07 - [MESSAGE][PASSED] - Object: 'Object Repository/Equity Deal/Page_Deals  ELITE Club Deal/Next button' is clicked on

2017-11-07 14:56:07 - [TEST_STEP][PASSED] - click: Object: 'Object Repository/Equity Deal/Page_Deals  ELITE Club Deal/Finish button' is clicked on

2017-11-07 14:56:08 - [MESSAGE][PASSED] - Object: 'Object Repository/Equity Deal/Page_Deals  ELITE Club Deal/Finish button' is clicked on

2017-11-07 14:56:08 - [TEST_STEP][PASSED] - closeBrowser: Browser is closed

2017-11-07 14:56:10 - [MESSAGE][PASSED] - Browser is closed

2017-11-07 14:56:10 - [MESSAGE][PASSED] - Call Test Case 'Test Cases/Create a new equity deal' successfully]]></system-out>
         <system-err><![CDATA[]]></system-err>
      </testcase>
      <system-out><![CDATA[2017-11-07 14:55:40 - [TEST_SUITE][PASSED] - Create new Equity Deal as Admin: Test Cases/Create Equity Deal]]></system-out>
      <system-err><![CDATA[]]></system-err>
   </testsuite>
</testsuites>
